
<--- Last few GCs --->




<--- Last few GCs --->
<--- Last few GCs --->

[30300:0000024077459ED0]    30282 ms: Scavenge 9.4 (10.9) -> 8.9 (10.2) MB, 0.85 / 0.00 ms  (average mu = 1.000, current mu = 1.000) allocation failure; 


#
[30300:0000024077459ED0]    32152 ms: Scavenge 9.8 (10.2) -> 9.4 (11.7) MB, 1.25 / 0.00 ms  (average mu = 1.000, current mu = 1.000) allocation failure; 
[23524:00000287CF97AB30]    48016 ms: Scavenge 10.0 (11.4) -> 9.4 (10.4) MB, 1.99 / 0.00 ms  (average mu = 1.000, current mu = 1.000) allocation failure; 
[28908:00000248BD989FF0]     6093 ms: Scavenge 4.6 (6.0) -> 4.5 (5.8) MB, 1.41 / 0.00 ms  (average mu = 1.000, current mu = 1.000) allocation failure; 
# Fatal error in , line 0
[30300:0000024077459ED0]    38703 ms: Scavenge 10.4 (11.9) -> 10.0 (11.1) MB, 2.03 / 0.00 ms  (average mu = 1.000, current mu = 1.000) allocation failure; 
[23524:00000287CF97AB30]    53250 ms: Scavenge 10.0 (10.4) -> 9.5 (11.7) MB, 1.60 / 0.00 ms  (average mu = 1.000, current mu = 1.000) allocation failure; 
[28908:00000248BD989FF0]     6101 ms: Scavenge 6.2 (6.6) -> 5.3 (8.8) MB, 1.81 / 0.00 ms  (average mu = 1.000, current mu = 1.000) allocation failure; 
# Fatal process out of memory: Zone

[23524:00000287CF97AB30]    58560 ms: Scavenge 10.5 (11.9) -> 9.9 (10.9) MB, 1.28 / 0.00 ms  (average mu = 1.000, current mu = 1.000) allocation failure; 

#



#
<--- JS stacktrace --->
<--- JS stacktrace --->

#


<--- JS stacktrace --->
#FailureMessage Object: 0000005B585F5700

FATAL ERROR: Committing semi space failed. Allocation failed - JavaScript heap out of memory
FATAL ERROR: Zone Allocation failed - process out of memory
 1: 00007FF6452F433F 

 1: 00007FF6452F433F 

FATAL ERROR: Zone Allocation failed - process out of memory
#
 2: 00007FF64526EC26 
 2: 00007FF64526EC26 
 1: 00007FF6452F433F 
# Fatal error in , line 0
 3: 00007FF645270A11 
 3: 00007FF645270A11 
 2: 00007FF64526EC26 
# Fatal process out of memory: Zone
 4: 00007FF645CDA7E1 
 4: 00007FF645CDA7E1 
 3: 00007FF645270A11 
#
 5: 00007FF645CC3F78 
 5: 00007FF645CC3F78 
 4: 00007FF645CDA7E1 
#
 6: 00007FF645B257E0 
 6: 00007FF6457A6654 
 5: 00007FF645CC3F78 
#
 7: 00007FF645ADD5E3 
 7: 00007FF645882456 
 6: 00007FF6457A6654 
#FailureMessage Object: 00000011955F58A0
 8: 00007FF645B2EEA0 
 8: 00007FF6458822D9 
 7: 00007FF645A5918F 
 9: 00007FF64588C4AD 
 8: 00007FF645A61C7E 
 1: 00007FF6452F433F 
 9: 00007FF645B22500 
 2: 00007FF6451F61DF 
10: 00007FF645B37B7A 
10: 00007FF64588A916 
 9: 00007FF645A6EF3C 
 3: 00007FF6460C2282 
11: 00007FF645B383F7 
11: 00007FF645882FF0 
10: 00007FF645A6BF83 
 4: 00007FF645CC3D83 
12: 00007FF645B46D1F 
12: 00007FF645885F43 
11: 00007FF645A64D7A 
 5: 00007FF6457A6654 
13: 00007FF6458072E5 
13: 00007FF64588D8EA 
12: 00007FF645A687FA 
 6: 00007FF6461DF10E 
14: 00007FF5E5D5AAFA 
14: 00007FF64588E0BA 
13: 00007FF645A698CF 
 7: 00007FF6461D9AD0 
15: 00007FF64588DB73 
14: 00007FF645A6A6B9 
 8: 00007FF6461813B2 
16: 00007FF645889D26 
15: 00007FF645A6A173 
 9: 00007FF64618D941 
17: 00007FF64588E019 
16: 00007FF645A6B875 
10: 00007FF646187DCF 
18: 00007FF64588EF77 
17: 00007FF645A64D7A 
11: 00007FF646182D5A 
19: 00007FF645888EBD 
18: 00007FF645A687FA 
12: 00007FF645C32441 
20: 00007FF645889684 
19: 00007FF645A6B0FA 
13: 00007FF645BFF361 
21: 00007FF6458899D0 
20: 00007FF645A64D7A 
14: 00007FF6451F8C3D 
22: 00007FF64588EE2B 
21: 00007FF645A6E196 
15: 00007FF645346CCD 
23: 00007FF645888EBD 
22: 00007FF645A6535B 
16: 00007FF6464E4590 
24: 00007FF645889684 
23: 00007FF645A65234 
17: 00007FF87B747374 BaseThreadInitThunk+20
25: 00007FF6458899D0 
24: 00007FF645A6B042 
18: 00007FF87BB5CC91 
26: 00007FF64588EE2B 
25: 00007FF645A64D7A 
27: 00007FF64588ED1D 
26: 00007FF645A6B560 
28: 00007FF645890D51 
27: 00007FF645A64D7A 
29: 00007FF6458B5FB4 
28: 00007FF645A6E196 
30: 00007FF6458A980F 
29: 00007FF645A6535B 
31: 00007FF6458AD266 
30: 00007FF645A65234 
32: 00007FF6458AC8E3 
31: 00007FF645A6B042 
33: 00007FF6458AE3BC 
32: 00007FF645A64D7A 
34: 00007FF6458AB722 
33: 00007FF645A6B10F 
35: 00007FF64589FF30 
34: 00007FF645A64D7A 
36: 00007FF6458B39E8 
35: 00007FF645A6B13D 
37: 00007FF6458B3EC2 
36: 00007FF645A64D7A 
38: 00007FF6458A8FFA 
37: 00007FF645A6B13D 
39: 00007FF64589FB4E 
38: 00007FF645A64D7A 
40: 00007FF6458A0192 
39: 00007FF645A6B13D 
41: 00007FF6458A547E 
40: 00007FF645A64D7A 
42: 00007FF6458AE4D9 
41: 00007FF645A6B13D 
43: 00007FF6458AB722 
42: 00007FF645A64D7A 
44: 00007FF64589FF30 
43: 00007FF645A6B13D 
45: 00007FF6458A547E 
44: 00007FF645A64D7A 
46: 00007FF6458A58A7 
45: 00007FF645A6E196 
47: 00007FF6458B1C04 
46: 00007FF645A6535B 
48: 00007FF6458A8FFA 
47: 00007FF645A65234 
49: 00007FF6458A8073 
48: 00007FF645A6B042 
50: 00007FF6458A9884 
49: 00007FF645A64D7A 
51: 00007FF64589A7B9 
50: 00007FF645A6B10F 
52: 00007FF6458AEACF 
51: 00007FF645A64D7A 
53: 00007FF645894262 
52: 00007FF645A6B13D 
54: 00007FF645C307EB 
53: 00007FF645A64D7A 
55: 00007FF645C35E1B 
54: 00007FF645A6B13D 
56: 00007FF645CBDE45 
55: 00007FF645A64D7A 
57: 00007FF645CBD8D4 
56: 00007FF645A6B13D 
58: 00007FF64527BDEF 
59: 00007FF645C90BBE 
57: 00007FF645A64D7A 
58: 00007FF645A6B13D 
60: 00007FF645C907BA 
59: 00007FF645A64D7A 
61: 00007FF645C90A7F 
60: 00007FF645A6B13D 
61: 00007FF645A64D7A 
62: 00007FF645C908F0 
62: 00007FF645A6E196 
63: 00007FF645D8B28E 
63: 00007FF645A636E8 
64: 00007FF5C5EF2D67 
64: 00007FF645A63069 
65: 00007FF645A53580 
66: 00007FF645C2BD59 
67: 00007FF645C2F2C5 
68: 00007FF645C2EB94 
69: 00007FF645810EBE 
70: 00007FF645D8B38E 
71: 00007FF645CFDD38 
72: 00007FF645CFC930 
73: 00007FF5C5EFE8AE 


#
# Fatal error in , line 0
# Fatal process out of memory: Zone
#
#
#
#FailureMessage Object: 0000002DD05F5CD0

<--- Last few GCs --->


<--- JS stacktrace --->


 1: 00007FF6452F433F 
FATAL ERROR: Committing semi space failed. Allocation failed - JavaScript heap out of memory

 2: 00007FF6451F61DF 
#
 3: 00007FF6460C2282 
# Fatal error in , line 0
 4: 00007FF645CC3D83 
 5: 00007FF6457A6654 
 6: 00007FF6461FEF95 
 7: 00007FF6461FF539 
 8: 00007FF6461FE42B 
 9: 00007FF6461FE0E0 
10: 00007FF6461D3FD7 
11: 00007FF646189021 
12: 00007FF6461D3BE4 
13: 00007FF6461D4356 
14: 00007FF6461D4062 
15: 00007FF64618ADFD 
16: 00007FF6461872B5 
17: 00007FF646182D5A 
18: 00007FF645C32441 
19: 00007FF645BFF361 
20: 00007FF6451F8C3D 
21: 00007FF645346CCD 
22: 00007FF6464E4590 
23: 00007FF87B747374 BaseThreadInitThunk+20
24: 00007FF87BB5CC91 RtlUserThreadStart+33
# Fatal process out of memory: Zone
#
#
#
#FailureMessage Object: 000000D9037F59C0
 1: 00007FF6452F433F node::SetCppgcReference+15695
 2: 00007FF64526EC26 EVP_MD_meth_get_input_blocksize+78566
 3: 00007FF645270A11 EVP_MD_meth_get_input_blocksize+86225
 4: 00007FF645CDA7E1 v8::Isolate::ReportExternalAllocationLimitReached+65
 1: 00007FF6452F433F node::SetCppgcReference+15695
 5: 00007FF645CC3F78 v8::Function::Experimental_IsNopFunction+1336
 2: 00007FF6451F61DF node::TriggerNodeReport+69887
 6: 00007FF645B257E0 v8::Platform::SystemClockTimeMillis+659552
 3: 00007FF6460C2282 V8_Fatal+162
 7: 00007FF645ADD5E3 v8::Platform::SystemClockTimeMillis+364131
 4: 00007FF645CC3D83 v8::Function::Experimental_IsNopFunction+835
 8: 00007FF645B2EEA0 v8::Platform::SystemClockTimeMillis+698144
 5: 00007FF6457A6654 v8::SnapshotCreator::GetIsolate+53284
 9: 00007FF645B22500 v8::Platform::SystemClockTimeMillis+646528
 6: 00007FF6461D8EEB inflateInit2_+1054219
10: 00007FF645B37B7A v8::Platform::SystemClockTimeMillis+734202
 7: 00007FF64618146F inflateInit2_+695183
11: 00007FF645B383F7 v8::Platform::SystemClockTimeMillis+736375
 8: 00007FF64618D941 inflateInit2_+745569
12: 00007FF645B4102E v8::Platform::SystemClockTimeMillis+772270
 9: 00007FF646187DCF inflateInit2_+722159
13: 00007FF645B519A6 v8::Platform::SystemClockTimeMillis+840230
10: 00007FF646182D5A inflateInit2_+701562
14: 00007FF645B57AB0 v8::Platform::SystemClockTimeMillis+865072
11: 00007FF645C32441 v8::SharedValueConveyor::SharedValueConveyor+29329
15: 00007FF645CD67D0 v8::String::NewFromOneByte+160
12: 00007FF645BFF361 v8::ModuleRequest::GetImportAssertions+45521
16: 00007FF6452901AA node::OnFatalError+128906
13: 00007FF6451F8C3D X509_STORE_get_cleanup+813
17: 00007FF64528FF67 node::OnFatalError+128327
14: 00007FF645346CCD uv_poll_stop+237
18: 00007FF64528DF91 node::OnFatalError+120177
15: 00007FF6464E4590 inflateValidate+153328
19: 00007FF645C90BBE v8::SharedValueConveyor::SharedValueConveyor+416270
16: 00007FF87B747374 BaseThreadInitThunk+20
20: 00007FF645C907BA v8::SharedValueConveyor::SharedValueConveyor+415242
17: 00007FF87BB5CC91 RtlUserThreadStart+33
21: 00007FF645C90A7F v8::SharedValueConveyor::SharedValueConveyor+415951
22: 00007FF645C908F0 v8::SharedValueConveyor::SharedValueConveyor+415552
23: 00007FF645D8B28E v8::PropertyDescriptor::writable+674286
24: 00007FF5E5EC3266 


#
# Fatal error in , line 0
# Fatal process out of memory: Zone
#
#
#
#FailureMessage Object: 000000ED103F5990

<--- Last few GCs --->

[9960:0000018B636E9CD0]    19107 ms: Scavenge 9.7 (12.4) -> 8.9 (10.2) MB, 2.54 / 0.00 ms  (average mu = 1.000, current mu = 1.000) allocation failure; 
[9960:0000018B636E9CD0]    22776 ms: Scavenge 9.8 (10.2) -> 9.3 (12.2) MB, 1.50 / 0.00 ms  (average mu = 1.000, current mu = 1.000) allocation failure; 
[9960:0000018B636E9CD0]    39158 ms: Scavenge 10.5 (12.4) -> 9.7 (10.7) MB, 1.87 / 0.00 ms  (average mu = 1.000, current mu = 1.000) allocation failure; 



#
# Fatal error in , line 0
# Fatal process out of memory: Zone
#
#
#
#FailureMessage Object: 000000F3E45F5AA0
 1: 00007FF6452F433F 
 2: 00007FF6451F61DF 
 3: 00007FF6460C2282 
 4: 00007FF645CC3D83 
 5: 00007FF6457A6654 
 6: 00007FF6455CD250 
 7: 00007FF6461E5FC2 
 8: 00007FF6461D8FAE 
 9: 00007FF64618146F 
10: 00007FF64618D941 
11: 00007FF646187DCF 
12: 00007FF646182D5A 
13: 00007FF645C32441 
14: 00007FF645BFF361 
15: 00007FF6451F8C3D 
16: 00007FF645346CCD 
17: 00007FF6464E4590 
18: 00007FF87B747374 
19: 00007FF87BB5CC91 

<--- JS stacktrace --->

FATAL ERROR: Committing semi space failed. Allocation failed - JavaScript heap out of memory
 1: 00007FF6452F433F 
 2: 00007FF64526EC26 
 3: 00007FF645270A11 
 4: 00007FF645CDA7E1 
 5: 00007FF645CC3F78 
 6: 00007FF645B257E0 
 1: 00007FF6452F433F 
 7: 00007FF645ADD5E3 
 2: 00007FF6451F61DF 
 8: 00007FF645B2EEA0 
 3: 00007FF6460C2282 
 9: 00007FF645B22500 
 4: 00007FF645CC3D83 
10: 00007FF645B37B7A 
 5: 00007FF6457A6654 
11: 00007FF645B383F7 
 6: 00007FF6461FEF95 
12: 00007FF645B46D1F 
 7: 00007FF6461FF539 
13: 00007FF6458072E5 
 8: 00007FF6461FE42B 
14: 00007FF5E5D5AAFA 
 9: 00007FF6461FE0E0 
10: 00007FF6461D3FD7 
11: 00007FF646189021 
12: 00007FF6461D3BE4 
13: 00007FF6461D4356 
14: 00007FF6461D4062 
15: 00007FF64618ADFD 
16: 00007FF6461872B5 
17: 00007FF646182D5A 
18: 00007FF645C32441 
19: 00007FF645BFF361 
20: 00007FF6451F8C3D 
21: 00007FF645346CCD 
22: 00007FF6464E4590 
23: 00007FF87B747374 BaseThreadInitThunk+20
24: 00007FF87BB5CC91 RtlUserThreadStart+33


#
# Fatal error in , line 0
# Fatal process out of memory: Zone
#
#
#
#FailureMessage Object: 000000EEFF9F5BB0
 1: 00007FF6452F433F 
 2: 00007FF6451F61DF 
 3: 00007FF6460C2282 
 4: 00007FF645CC3D83 
 5: 00007FF6457A6654 
 6: 00007FF6461FEF95 
 7: 00007FF6461FF539 
 8: 00007FF6461FE42B 
 9: 00007FF6461FE0E0 
10: 00007FF6461D3FD7 
11: 00007FF646189021 
12: 00007FF6461D3BE4 
13: 00007FF6461D4356 
14: 00007FF6461D4062 
15: 00007FF64618ADFD 
16: 00007FF6461872B5 
17: 00007FF646182D5A 
18: 00007FF645C32441 
19: 00007FF645BFF361 
20: 00007FF6451F8C3D 
21: 00007FF645346CCD 
22: 00007FF6464E4590 
23: 00007FF87B747374 BaseThreadInitThunk+20
24: 00007FF87BB5CC91 

<--- Last few GCs --->


<--- JS stacktrace --->


#
# Fatal javascript OOM in MemoryChunk allocation failed during deserialization.
#


<--- Last few GCs --->


<--- JS stacktrace --->


#
# Fatal javascript OOM in MemoryChunk allocation failed during deserialization.
#


<--- Last few GCs --->

[33532:0000027BC8C8D770]     6513 ms: Scavenge 7.5 (9.6) -> 6.5 (10.1) MB, 4.31 / 0.00 ms  (average mu = 1.000, current mu = 1.000) allocation failure; 
[33532:0000027BC8C8D770]    12966 ms: Scavenge 9.0 (11.2) -> 8.1 (11.9) MB, 2.29 / 0.00 ms  (average mu = 1.000, current mu = 1.000) allocation failure; 
[33532:0000027BC8C8D770]    24399 ms: Scavenge 9.7 (12.2) -> 8.9 (10.4) MB, 2.73 / 0.00 ms  (average mu = 1.000, current mu = 1.000) allocation failure; 


<--- JS stacktrace --->

FATAL ERROR: Committing semi space failed. Allocation failed - JavaScript heap out of memory
 1: 00007FF6452F433F node::SetCppgcReference+15695
 2: 00007FF64526EC26 EVP_MD_meth_get_input_blocksize+78566
 3: 00007FF645270A11 EVP_MD_meth_get_input_blocksize+86225
 4: 00007FF645CDA7E1 v8::Isolate::ReportExternalAllocationLimitReached+65
 5: 00007FF645CC3F78 v8::Function::Experimental_IsNopFunction+1336
 6: 00007FF645B257E0 v8::Platform::SystemClockTimeMillis+659552
 7: 00007FF645ADD5E3 v8::Platform::SystemClockTimeMillis+364131
 8: 00007FF645B2EEA0 v8::Platform::SystemClockTimeMillis+698144
 9: 00007FF645B22500 v8::Platform::SystemClockTimeMillis+646528
10: 00007FF645B37B7A v8::Platform::SystemClockTimeMillis+734202
11: 00007FF645B383F7 v8::Platform::SystemClockTimeMillis+736375
12: 00007FF645B4102E v8::Platform::SystemClockTimeMillis+772270
13: 00007FF645B519A6 v8::Platform::SystemClockTimeMillis+840230
14: 00007FF645B56578 v8::Platform::SystemClockTimeMillis+859640
15: 00007FF6458CDCCA v8::base::Thread::StartSynchronously+372122
16: 00007FF6457EB4B5 v8::CodeEvent::GetFunctionName+2549
17: 00007FF5E5D5AAFA 

<--- Last few GCs --->


<--- JS stacktrace --->

FATAL ERROR: Committing semi space failed. Allocation failed - JavaScript heap out of memory
 1: 00007FF6452F433F node::SetCppgcReference+15695
 2: 00007FF64526EC26 EVP_MD_meth_get_input_blocksize+78566
 3: 00007FF645270A11 EVP_MD_meth_get_input_blocksize+86225
 4: 00007FF645CDA7E1 v8::Isolate::ReportExternalAllocationLimitReached+65
 5: 00007FF645CC3F78 v8::Function::Experimental_IsNopFunction+1336
 6: 00007FF645B257E0 v8::Platform::SystemClockTimeMillis+659552
 7: 00007FF645ADD5E3 v8::Platform::SystemClockTimeMillis+364131
 8: 00007FF645B2EEA0 v8::Platform::SystemClockTimeMillis+698144
 9: 00007FF645B22500 v8::Platform::SystemClockTimeMillis+646528
10: 00007FF645B37B7A v8::Platform::SystemClockTimeMillis+734202
11: 00007FF645B383F7 v8::Platform::SystemClockTimeMillis+736375
12: 00007FF645B4102E v8::Platform::SystemClockTimeMillis+772270
13: 00007FF645B519A6 v8::Platform::SystemClockTimeMillis+840230
14: 00007FF645B57AB0 v8::Platform::SystemClockTimeMillis+865072
15: 00007FF645CD67D0 v8::String::NewFromOneByte+160
16: 00007FF6452901AA node::OnFatalError+128906
17: 00007FF64528FF67 node::OnFatalError+128327
18: 00007FF64528DF91 node::OnFatalError+120177
19: 00007FF645C90BBE v8::SharedValueConveyor::SharedValueConveyor+416270
20: 00007FF645C907BA v8::SharedValueConveyor::SharedValueConveyor+415242
21: 00007FF645C90A7F v8::SharedValueConveyor::SharedValueConveyor+415951
22: 00007FF645C908F0 v8::SharedValueConveyor::SharedValueConveyor+415552
23: 00007FF645D8B28E v8::PropertyDescriptor::writable+674286
24: 00007FF5E5EC3266 

<--- Last few GCs --->

[14796:000001C41FBCAF70]    15076 ms: Scavenge 9.0 (10.4) -> 8.5 (9.4) MB, 1.32 / 0.00 ms  (average mu = 1.000, current mu = 1.000) allocation failure; 
[14796:000001C41FBCAF70]    15885 ms: Scavenge 8.9 (9.4) -> 8.6 (10.7) MB, 1.84 / 0.00 ms  (average mu = 1.000, current mu = 1.000) allocation failure; 
[14796:000001C41FBCAF70]    19235 ms: Scavenge 9.4 (10.7) -> 8.9 (10.2) MB, 0.79 / 0.00 ms  (average mu = 1.000, current mu = 1.000) allocation failure; 


<--- JS stacktrace --->

FATAL ERROR: Committing semi space failed. Allocation failed - JavaScript heap out of memory
 1: 00007FF6452F433F 
 2: 00007FF64526EC26 
 3: 00007FF645270A11 
 4: 00007FF645CDA7E1 
 5: 00007FF645CC3F78 
 6: 00007FF645B257E0 
 7: 00007FF645ADD5E3 
 8: 00007FF645B2EEA0 
 9: 00007FF645B22500 
10: 00007FF645B37B7A 
11: 00007FF645B383F7 
12: 00007FF645B4102E 
13: 00007FF645B519A6 
14: 00007FF645B56578 
15: 00007FF645A509D3 
16: 00007FF645A4B0CC 
17: 00007FF645A50FEC 
18: 00007FF645C6A0C8 
19: 00007FF645C6A340 
20: 00007FF645D8B28E 
21: 00007FF645CFC930 
22: 00007FF645CFC930 
23: 00007FF645CFC930 
24: 00007FF5C5F043A7 


#
# Fatal error in , line 0
# Fatal process out of memory: Zone
#
#
#
#FailureMessage Object: 00000087709F6470
 1: 00007FF6452F433F 
 2: 00007FF6451F61DF 
 3: 00007FF6460C2282 
 4: 00007FF645CC3D83 
 5: 00007FF6457A6654 
 6: 00007FF646101A74 
 7: 00007FF64610222D 
 8: 00007FF646151B26 
 9: 00007FF6462BADCE 
10: 00007FF6462BB99D 
11: 00007FF6462BC048 
12: 00007FF6462BC08E 
13: 00007FF64618B3EF 
14: 00007FF646186B12 
15: 00007FF646182D5A 
16: 00007FF645C32441 
17: 00007FF645BFF361 
18: 00007FF6451F8C3D 
19: 00007FF645346CCD 
20: 00007FF6464E4590 
21: 00007FF87B747374 
22: 00007FF87BB5CC91 

#
# Fatal javascript OOM in MemoryChunk allocation failed during deserialization.
#



#
# Fatal error in , line 0
# Fatal process out of memory: Zone
#
#
#
#FailureMessage Object: 00000093C75F5950
 1: 00007FF6452F433F 
 2: 00007FF6451F61DF 
 3: 00007FF6460C2282 
 4: 00007FF645CC3D83 
 5: 00007FF6457A6654 
 6: 00007FF6461FEF95 
 7: 00007FF6461FF539 
 8: 00007FF6461FE1AF 
 9: 00007FF6461D3FD7 
10: 00007FF646189021 
11: 00007FF6461D3BE4 
12: 00007FF6461D4356 
13: 00007FF6461D4062 
14: 00007FF64618B1C6 
15: 00007FF646186C0A 
16: 00007FF646182D5A 
17: 00007FF645C32441 
18: 00007FF645BFF361 
19: 00007FF6451F8C3D 
20: 00007FF645346CCD 
21: 00007FF6464E4590 
22: 00007FF87B747374 
23: 00007FF87BB5CC91 

#
# Fatal process OOM in Re-embedded builtins: set permissions
#



#
# Fatal error in , line 0
# Fatal process out of memory: Zone
#
#
#
#FailureMessage Object: 000000EE6C1F5B20
 1: 00007FF6452F433F 
 2: 00007FF6451F61DF 
 3: 00007FF6460C2282 
 4: 00007FF645CC3D83 
 5: 00007FF6457A6654 
 6: 00007FF6461FD72D 
 7: 00007FF6461FD84E 
 8: 00007FF64618ABF5 
 9: 00007FF6461872B5 
10: 00007FF646182D5A 
11: 00007FF645C32441 
12: 00007FF645BFF361 
13: 00007FF6451F8C3D 
14: 00007FF645346CCD 
15: 00007FF6464E4590 
16: 00007FF87B747374 
17: 00007FF87BB5CC91 


#
# Fatal error in , line 0
# Fatal process out of memory: Zone
#
#
#
#FailureMessage Object: 000000FECC5F5240
 1: 00007FF6452F433F 
 2: 00007FF6451F61DF 
 3: 00007FF6460C2282 
 4: 00007FF645CC3D83 
 5: 00007FF6457A6654 
 6: 00007FF646101A74 
 7: 00007FF646151BAA 
 8: 00007FF646169F12 
 9: 00007FF64622379C 
10: 00007FF6462410F9 
11: 00007FF646244415 
12: 00007FF64623E693 
13: 00007FF64623F7AF 
14: 00007FF646229A14 
15: 00007FF646189741 
16: 00007FF64618710C 
17: 00007FF646182D5A 
18: 00007FF645C32441 
19: 00007FF645BFF361 
20: 00007FF6451F8C3D 
21: 00007FF645346CCD 
22: 00007FF6464E4590 
23: 00007FF87B747374 
24: 00007FF87BB5CC91 

#
# Fatal javascript OOM in MemoryChunk allocation failed during deserialization.
#


#
# Fatal process OOM in Re-embedded builtins: set permissions
#



#
# Fatal error in , line 0
# Fatal process out of memory: Zone
#
#
#
#FailureMessage Object: 000000352B5F5990
 1: 00007FF6452F433F 
 2: 00007FF6451F61DF 
 3: 00007FF6460C2282 
 4: 00007FF645CC3D83 
 5: 00007FF6457A6654 
 6: 00007FF6461FEF95 
 7: 00007FF6461FF539 
 8: 00007FF6461FE42B 
 9: 00007FF6461FE0E0 
10: 00007FF6461D3FD7 
11: 00007FF646189021 
12: 00007FF6461D3BE4 
13: 00007FF6461D4356 
14: 00007FF6461D4062 
15: 00007FF64618ADFD 
16: 00007FF6461872B5 
17: 00007FF646182D5A 
18: 00007FF645C32441 
19: 00007FF645BFF361 
20: 00007FF6451F8C3D 
21: 00007FF645346CCD 
22: 00007FF6464E4590 
23: 00007FF87B747374 
24: 00007FF87BB5CC91 

<--- Last few GCs --->



[28600:000001FA849A5D60]      955 ms: Scavenge 6.2 (7.6) -> 5.3 (8.8) MB, 1.41 / 0.00 ms  (average mu = 1.000, current mu = 1.000) allocation failure; 
#
[28600:000001FA849A5D60]     2955 ms: Scavenge 7.5 (9.6) -> 6.5 (10.1) MB, 2.06 / 0.00 ms  (average mu = 1.000, current mu = 1.000) allocation failure; 
# Fatal error in , line 0
[28600:000001FA849A5D60]     3745 ms: Scavenge 9.0 (11.2) -> 8.2 (16.2) MB, 2.16 / 0.00 ms  (average mu = 1.000, current mu = 1.000) allocation failure; 




<--- Last few GCs --->
# Out of memory: HashMap::Initialize

#



<--- Last few GCs --->
#
# Fatal error in , line 0

# Fatal process out of memory: Zone
<--- Last few GCs --->
<--- JS stacktrace --->
[7140:00000207A1F5E3F0]     1341 ms: Scavenge 6.2 (7.6) -> 5.2 (8.8) MB, 1.93 / 0.00 ms  (average mu = 1.000, current mu = 1.000) allocation failure; 

#
<--- Last few GCs --->



[7140:00000207A1F5E3F0]     2055 ms: Scavenge 7.5 (9.6) -> 6.6 (10.1) MB, 1.52 / 0.00 ms  (average mu = 1.000, current mu = 1.000) allocation failure; 
[16792:00000224079CBCA0]      826 ms: Scavenge 4.6 (6.0) -> 4.5 (6.8) MB, 1.18 / 0.00 ms  (average mu = 1.000, current mu = 1.000) allocation failure; 
#
#

[34076:00000194E1C04310]     1701 ms: Scavenge 6.2 (7.6) -> 5.3 (8.8) MB, 1.34 / 0.00 ms  (average mu = 1.000, current mu = 1.000) allocation failure; 

FATAL ERROR: Zone Allocation failed - process out of memory
[7140:00000207A1F5E3F0]     2200 ms: Mark-Compact 7.0 (10.1) -> 6.1 (14.9) MB, 10.83 / 0.00 ms  (average mu = 1.000, current mu = 1.000) allocation failure; GC in old space requested
[16792:00000224079CBCA0]      888 ms: Scavenge 6.2 (7.6) -> 5.2 (8.8) MB, 1.78 / 0.00 ms  (average mu = 1.000, current mu = 1.000) allocation failure; 
#FailureMessage Object: 0000006BC85F9BE0
#
[32800:0000021CC1E7AB30]     4600 ms: Scavenge 7.0 (8.1) -> 6.6 (10.6) MB, 1.09 / 0.00 ms  (average mu = 1.000, current mu = 1.000) allocation failure; 
[34076:00000194E1C04310]     2568 ms: Scavenge 7.5 (9.6) -> 6.6 (10.1) MB, 1.30 / 0.00 ms  (average mu = 1.000, current mu = 1.000) allocation failure; 
#
 1: 00007FF6452F433F 

[16792:00000224079CBCA0]     1413 ms: Scavenge 7.5 (9.6) -> 6.6 (10.1) MB, 12.85 / 0.00 ms  (average mu = 1.000, current mu = 1.000) allocation failure; 

 1: 00007FF6452F433F 
[32800:0000021CC1E7AB30]     5412 ms: Scavenge 9.0 (11.2) -> 8.1 (11.9) MB, 2.25 / 0.00 ms  (average mu = 1.000, current mu = 1.000) allocation failure; 
#
[34076:00000194E1C04310]     2879 ms: Scavenge 7.9 (10.6) -> 7.3 (15.4) MB, 3.14 / 0.00 ms  (average mu = 1.000, current mu = 1.000) allocation failure; 
# Fatal error in , line 0
 2: 00007FF64526EC26 

<--- Last few GCs --->

 2: 00007FF6451F61DF 
#FailureMessage Object: 000000FCF11F5B90
[32800:0000021CC1E7AB30]     8120 ms: Scavenge 9.7 (12.2) -> 8.9 (16.7) MB, 3.92 / 0.00 ms  (average mu = 1.000, current mu = 1.000) allocation failure; 

# Fatal process out of memory: Zone
 3: 00007FF645270A11 
<--- JS stacktrace --->

 3: 00007FF6460C2282 
 1: 00007FF6452F433F 


#

 4: 00007FF645CDA7E1 
 5: 00007FF645CC3F78 
[34472:00000299CC3F5D20]     1552 ms: Scavenge 6.2 (7.6) -> 5.3 (8.8) MB, 1.53 / 0.00 ms  (average mu = 1.000, current mu = 1.000) allocation failure; 
 4: 00007FF6457AA116 
 2: 00007FF6451F61DF 
<--- Last few GCs --->

#
<--- JS stacktrace --->

FATAL ERROR: Zone Allocation failed - process out of memory
[34472:00000299CC3F5D20]     2703 ms: Scavenge 7.5 (9.6) -> 6.5 (10.1) MB, 1.85 / 0.00 ms  (average mu = 1.000, current mu = 1.000) allocation failure; 
 5: 00007FF6457A9FAC 
 3: 00007FF6460C2282 
<--- JS stacktrace --->

#

 6: 00007FF6457A6654 
 1: 00007FF6452F433F 
[34472:00000299CC3F5D20]     4248 ms: Scavenge 9.0 (11.2) -> 8.2 (15.9) MB, 2.35 / 0.00 ms  (average mu = 1.000, current mu = 1.000) allocation failure; 
 6: 00007FF645C2AFA0 
 4: 00007FF645CC3D83 
[16792:00000224079CBCA0]      826 ms: Scavenge 4.6 (6.0) -> 4.5 (6.8) MB, 1.18 / 0.00 ms  (average mu = 1.000, current mu = 1.000) allocation failure; 

#FailureMessage Object: 0000006AB9BF6180
FATAL ERROR: Zone Allocation failed - process out of memory
 7: 00007FF645CA5FC6 
 2: 00007FF64526EC26 

 7: 00007FF6457C2563 
 5: 00007FF6457A6654 
[16792:00000224079CBCA0]      888 ms: Scavenge 6.2 (7.6) -> 5.2 (8.8) MB, 1.78 / 0.00 ms  (average mu = 1.000, current mu = 1.000) allocation failure; 
FATAL ERROR: MarkCompactCollector: young object promotion failed Allocation failed - JavaScript heap out of memory
 1: 00007FF6452F433F 
 1: 00007FF6452F433F 
 2: 00007FF64526EC26 
 3: 00007FF645270A11 

 8: 00007FF6457DD402 
 6: 00007FF6461FEF95 
[16792:00000224079CBCA0]     1413 ms: Scavenge 7.5 (9.6) -> 6.6 (10.1) MB, 12.85 / 0.00 ms  (average mu = 1.000, current mu = 1.000) allocation failure; 
 1: 00007FF6452F433F 
 2: 00007FF6451F61DF 
 8: 00007FF645CA5318 
 9: 00007FF645CA6408 
 4: 00007FF645CDA7E1 
<--- JS stacktrace --->

 7: 00007FF6461FF539 

 2: 00007FF64526EC26 
 3: 00007FF6460C2282 
 3: 00007FF645270A11 
10: 00007FF645CA4324 
 5: 00007FF645CC3F78 
 9: 00007FF645290C7A 
10: 00007FF64529082F 
 8: 00007FF6461FE42B 
 9: 00007FF6461FE0E0 
 3: 00007FF645270A11 
 4: 00007FF645CC3D83 
 4: 00007FF645CDA7E1 
11: 00007FF645CA4AFA 
 6: 00007FF6457A6654 
FATAL ERROR: Zone Allocation failed - process out of memory
11: 00007FF64528FF67 

 4: 00007FF645CDA7E1 
<--- JS stacktrace --->
 5: 00007FF6457A6654 
 5: 00007FF645CC3F78 
12: 00007FF645CA514D 
 7: 00007FF64589D406 
12: 00007FF64528DF91 
10: 00007FF6461D3FD7 
 5: 00007FF645CC3F78 

 6: 00007FF646101A74 
 6: 00007FF6457A6654 
13: 00007FF645897BAA 
 8: 00007FF6458AE265 
13: 00007FF645C90BBE 
11: 00007FF646189021 
 6: 00007FF645B257E0 

 7: 00007FF646151BAA 
 7: 00007FF645A55F84 
14: 00007FF6458A9E37 
 9: 00007FF6458AB722 
14: 00007FF645C907BA 
12: 00007FF6461D3BE4 
 7: 00007FF645AEF92A 
<--- JS stacktrace --->
 8: 00007FF646203B38 
 8: 00007FF645A56AE4 
15: 00007FF6458A9F33 
16: 00007FF6458A8FFA 
15: 00007FF645C90A7F 
13: 00007FF6461D4356 
 8: 00007FF645B09CB2 

 9: 00007FF6462059A2 
 9: 00007FF645A6C6DB 
10: 00007FF64589FF30 
11: 00007FF64589EE7D 
16: 00007FF645C908F0 
14: 00007FF6461D4062 
 9: 00007FF645AFCF04 
FATAL ERROR: MarkCompactCollector: young object promotion failed Allocation failed - JavaScript heap out of memory
10: 00007FF64620B17A 
10: 00007FF645A6B6C3 
17: 00007FF6458A8073 
12: 00007FF6458ABD07 
17: 00007FF645D8B28E 
15: 00007FF64618ADFD 
10: 00007FF645B068DB 
FATAL ERROR: MarkCompactCollector: young object promotion failed Allocation failed - JavaScript heap out of memory
11: 00007FF646203F89 
11: 00007FF645A64D7A 
18: 00007FF6458A9884 
13: 00007FF6458AE298 
18: 00007FF5C5EC4126 
16: 00007FF6461872B5 
11: 00007FF645B0B819 
 1: 00007FF6452F433F 
12: 00007FF646202003 
12: 00007FF645A64F1F 
19: 00007FF64589A7B9 
14: 00007FF6458AB722 
17: 00007FF646182D5A 
18: 00007FF645C32441 
 2: 00007FF64526EC26 
13: 00007FF64618A084 
13: 00007FF645A65F0C 
20: 00007FF6458AEACF 
15: 00007FF64589FF30 
12: 00007FF645E8536F 
13: 00007FF645E85176 
 3: 00007FF645270A11 
14: 00007FF64618213F 
15: 00007FF646182D35 
21: 00007FF645894262 
16: 00007FF64589EE7D 
19: 00007FF645BFF361 
14: 00007FF645AE8C5F 
 4: 00007FF645CDA7E1 
14: 00007FF645A6B8B6 
15: 00007FF645A64D7A 
22: 00007FF645C307EB 
17: 00007FF6458AB251 
20: 00007FF6451F8C3D 
15: 00007FF645AFDA1A 
 5: 00007FF645CC3F78 
16: 00007FF645C32441 
16: 00007FF645A64F1F 
23: 00007FF645C35E1B 
18: 00007FF6458AB760 
21: 00007FF645346CCD 
16: 00007FF645AFC6DD 
 6: 00007FF645B257E0 
17: 00007FF645BFF361 
17: 00007FF645A65B57 
24: 00007FF645CBDE45 
19: 00007FF64589FF30 
22: 00007FF6464E4590 
17: 00007FF645AF8CC5 
 7: 00007FF645AEF92A 
18: 00007FF6451F8C3D 
18: 00007FF645A6B8A9 
25: 00007FF645CBD8D4 
20: 00007FF6458A547E 
23: 00007FF87B747374 
18: 00007FF645B2C42A 
19: 00007FF645B2EEEC 
19: 00007FF645346CCD 
19: 00007FF645A64D7A 
26: 00007FF64527BDEF 
21: 00007FF6458A58A7 
24: 00007FF87BB5CC91 
 8: 00007FF645B09CB2 
 9: 00007FF645AFCF04 
20: 00007FF645A68089 
20: 00007FF6464E4590 
22: 00007FF6458B1C04 
27: 00007FF645C90BBE 
20: 00007FF645B22500 
10: 00007FF645B068DB 
21: 00007FF87B747374 
21: 00007FF645A6B072 
28: 00007FF645C907BA 
23: 00007FF6458A17B8 
21: 00007FF645B37B7A 
11: 00007FF645B0B9DA 
22: 00007FF87BB5CC91 
22: 00007FF645A64D7A 
23: 00007FF645A6E196 
24: 00007FF6458B0B6A 
22: 00007FF645B383F7 
12: 00007FF645E85725 
29: 00007FF645C90A7F 
30: 00007FF645C908F0 
25: 00007FF6458AA162 
23: 00007FF645B4A6D7 
13: 00007FF6451F8C3D 
24: 00007FF645A6535B 
31: 00007FF645D8B28E 
26: 00007FF6458B0B8B 
24: 00007FF645911BB8 
14: 00007FF645346CCD 
25: 00007FF645A65234 
32: 00007FF5C5EF2D67 
27: 00007FF6458A8FFA 
25: 00007FF64590E574 
15: 00007FF6464E4590 
26: 00007FF645A6B042 
28: 00007FF6458A8073 
26: 00007FF645912281 
16: 00007FF87B747374 
27: 00007FF645A64D7A 
29: 00007FF6458A9884 
27: 00007FF64590E289 
 1: 00007FF6452F433F 
17: 00007FF87BB5CC91 
28: 00007FF645A6B13D 
30: 00007FF645899F85 
28: 00007FF64590EAB3 
 2: 00007FF64526EC26 
29: 00007FF645A64D7A 
31: 00007FF645899651 
29: 00007FF645912D6B 
 3: 00007FF645270A11 
30: 00007FF645A6E196 
32: 00007FF6458A8678 
30: 00007FF64591C780 
 4: 00007FF645CDA7E1 
31: 00007FF645A636E8 
33: 00007FF645894133 
31: 00007FF645968C0B 
 5: 00007FF645CC3F78 
32: 00007FF645A63069 
34: 00007FF645C2F20D 
32: 00007FF64597916A 
 6: 00007FF6457A6654 
33: 00007FF645A53580 
35: 00007FF645C2EB94 
33: 00007FF645974EBF 
 7: 00007FF645CB2E1A 
34: 00007FF645C2BD59 
36: 00007FF645810EBE 
34: 00007FF645968F07 
 8: 00007FF64589FC5E 
35: 00007FF645C2F2C5 
37: 00007FF645D8B38E 
35: 00007FF645969A40 
 9: 00007FF6458A0192 
36: 00007FF645C2EB94 
38: 00007FF645CFDD38 
36: 00007FF645C6838B 
10: 00007FF6458B39E8 
37: 00007FF645810EBE 
39: 00007FF645CFC930 
37: 00007FF645D8B28E 
11: 00007FF6458B3EC2 
38: 00007FF645D8B38E 
40: 00007FF645CFC930 
38: 00007FF645CFC930 
12: 00007FF6458A8FFA 
39: 00007FF645CFDD38 
41: 00007FF645CFC930 
39: 00007FF645CFC930 
13: 00007FF6458A8073 
40: 00007FF645CFC930 
42: 00007FF645CFC930 
40: 00007FF645CFC930 
14: 00007FF6458A9884 
41: 00007FF645CFC930 
43: 00007FF645CFC930 
41: 00007FF645CFC930 
15: 00007FF64589A7B9 
42: 00007FF645CFC930 
44: 00007FF645CFC930 
42: 00007FF645CFC930 
16: 00007FF6458AEACF 
43: 00007FF645CFC930 
45: 00007FF5C5ED7ACF 
43: 00007FF5C5EFE8AE 
17: 00007FF645894262 
44: 00007FF645CFC930 
18: 00007FF645C307EB 
45: 00007FF645CFC930 
19: 00007FF645C35E1B 
46: 00007FF5C5ED7ACF 
20: 00007FF645CBDE45 
21: 00007FF645CBD8D4 
22: 00007FF64527BDEF 
23: 00007FF645C90BBE 
24: 00007FF645C907BA 
25: 00007FF645C90A7F 
26: 00007FF645C908F0 
27: 00007FF645D8B28E 
28: 00000299CDEB2D67 

<--- Last few GCs --->

[13072:000001DA69E89ED0]      688 ms: Scavenge 4.6 (6.0) -> 4.5 (6.8) MB, 82.49 / 0.00 ms  (average mu = 1.000, current mu = 1.000) allocation failure; 
[13072:000001DA69E89ED0]      697 ms: Scavenge 6.2 (7.6) -> 5.2 (8.8) MB, 1.96 / 0.00 ms  (average mu = 1.000, current mu = 1.000) allocation failure; 
[13072:000001DA69E89ED0]     2174 ms: Scavenge 7.5 (9.6) -> 6.6 (10.1) MB, 1.35 / 0.00 ms  (average mu = 1.000, current mu = 1.000) allocation failure; 


<--- JS stacktrace --->


<--- Last few GCs --->

[13072:000001DA69E89ED0]      688 ms: Scavenge 4.6 (6.0) -> 4.5 (6.8) MB, 82.49 / 0.00 ms  (average mu = 1.000, current mu = 1.000) allocation failure; 
[13072:000001DA69E89ED0]      697 ms: Scavenge 6.2 (7.6) -> 5.2 (8.8) MB, 1.96 / 0.00 ms  (average mu = 1.000, current mu = 1.000) allocation failure; 
[13072:000001DA69E89ED0]     2174 ms: Scavenge 7.5 (9.6) -> 6.6 (10.1) MB, 1.35 / 0.00 ms  (average mu = 1.000, current mu = 1.000) allocation failure; 


<--- JS stacktrace --->

FATAL ERROR: MarkCompactCollector: young object promotion failed Allocation failed - JavaScript heap out of memory
FATAL ERROR: MarkCompactCollector: young object promotion failed Allocation failed - JavaScript heap out of memory

<--- Last few GCs --->

[13072:000001DA69E89ED0]      688 ms: Scavenge 4.6 (6.0) -> 4.5 (6.8) MB, 82.49 / 0.00 ms  (average mu = 1.000, current mu = 1.000) allocation failure; 
[13072:000001DA69E89ED0]      697 ms: Scavenge 6.2 (7.6) -> 5.2 (8.8) MB, 1.96 / 0.00 ms  (average mu = 1.000, current mu = 1.000) allocation failure; 
[13072:000001DA69E89ED0]     2174 ms: Scavenge 7.5 (9.6) -> 6.6 (10.1) MB, 1.35 / 0.00 ms  (average mu = 1.000, current mu = 1.000) allocation failure; 


<--- JS stacktrace --->

FATAL ERROR: MarkCompactCollector: young object promotion failed Allocation failed - JavaScript heap out of memory
 1: 00007FF6452F433F 
 2: 00007FF64526EC26 
 3: 00007FF645270A11 
 4: 00007FF645CDA7E1 
 5: 00007FF645CC3F78 
 6: 00007FF645B257E0 
 7: 00007FF645AEF92A 
 8: 00007FF645B09CB2 
 9: 00007FF645AFCF04 
10: 00007FF645B068DB 
11: 00007FF645B0B9DA 
12: 00007FF645E85725 
13: 00007FF6451F8C3D 
14: 00007FF645346CCD 
15: 00007FF6464E4590 
16: 00007FF87B747374 
17: 00007FF87BB5CC91 


#
# Fatal error in , line 0
# Fatal process out of memory: Zone
#
#
#
#FailureMessage Object: 000000C621BF5D70

#
# Fatal javascript OOM in MemoryChunk allocation failed during deserialization.
#

 1: 00007FF6452F433F 
 2: 00007FF6451F61DF 
 3: 00007FF6460C2282 
 4: 00007FF645CC3D83 
 5: 00007FF6457A6654 
 6: 00007FF6461FEF95 
 7: 00007FF6461FF539 
 8: 00007FF6461FE42B 
 9: 00007FF6461FE0E0 
10: 00007FF6461D3FD7 
11: 00007FF646189021 
12: 00007FF6461D3BE4 
13: 00007FF6461D4356 
14: 00007FF6461D4062 
15: 00007FF64618ADFD 
16: 00007FF6461872B5 
17: 00007FF646182D5A 
18: 00007FF645C32441 
19: 00007FF645BFF361 
20: 00007FF6451F8C3D 
21: 00007FF645346CCD 
22: 00007FF6464E4590 
23: 00007FF87B747374 
24: 00007FF87BB5CC91 

#

# Fatal process OOM in Re-embedded builtins: set permissions

#
#

# Fatal error in , line 0
# Out of memory: HashMap::Initialize
#
#
#
#FailureMessage Object: 00000018D57FAE70
 1: 00007FF6452F433F 
 2: 00007FF6451F61DF 
 3: 00007FF6460C2282 
 4: 00007FF645CB2CA3 
 5: 00007FF645CB26F6 
 6: 00007FF645CB29C1 
 7: 00007FF645CB2837 
 8: 00007FF6458752C1 
 9: 00007FF6458B3641 
10: 00007FF6458B3EC2 
11: 00007FF6458A8FFA 
12: 00007FF6458A8073 
13: 00007FF6458A9884 
14: 00007FF64589A7B9 
15: 00007FF6458AEACF 
16: 00007FF645894262 
17: 00007FF645C307EB 
18: 00007FF645C35E1B 
19: 00007FF645CBDE45 
20: 00007FF645CBD8D4 
21: 00007FF64527BDEF 
22: 00007FF645C90BBE 
23: 00007FF645C907BA 
24: 00007FF645C90A7F 
25: 00007FF645C908F0 
26: 00007FF645D8B28E 
27: 00007FF5C5EF2D67 


#
# Fatal error in , line 0
# Fatal process out of memory: Zone
#
#
#
#FailureMessage Object: 00000037113F5800


#
# Fatal error in , line 0
# Fatal process out of memory: Zone
#
#
#
#FailureMessage Object: 0000003710BF5AD0

<--- Last few GCs --->

[1200:0000014CDF179D40]    10428 ms: Scavenge 17.0 (23.2) -> 13.8 (24.7) MB, 3.22 / 0.00 ms  (average mu = 1.000, current mu = 1.000) allocation failure; 
[1200:0000014CDF179D40]    10588 ms: Scavenge 18.8 (24.9) -> 14.9 (26.2) MB, 76.76 / 0.00 ms  (average mu = 1.000, current mu = 1.000) allocation failure; 
[1200:0000014CDF179D40]    10660 ms: Scavenge 19.8 (26.2) -> 16.2 (26.9) MB, 3.40 / 0.00 ms  (average mu = 1.000, current mu = 1.000) allocation failure; 


<--- JS stacktrace --->

FATAL ERROR: Zone Allocation failed - process out of memory
 1: 00007FF6452F433F 
 1: 00007FF6452F433F 
 2: 00007FF64526EC26 
 2: 00007FF6451F61DF 
 3: 00007FF645270A11 
 3: 00007FF6460C2282 
 4: 00007FF645CDA7E1 
 4: 00007FF645CC3D83 
 5: 00007FF645CC3F78 
 5: 00007FF6457A6654 
 6: 00007FF6457A6654 
 6: 00007FF6455CD250 
 7: 00007FF6455CD250 
 7: 00007FF64610624A 
 8: 00007FF6460FCA77 
 8: 00007FF646103A7A 
 9: 00007FF6460DD1C9 
 9: 00007FF6462987F2 
10: 00007FF64617B8B6 
10: 00007FF6462A1A71 
11: 00007FF64617DA3F 
11: 00007FF6462A34EA 
12: 00007FF646186594 
12: 00007FF64629FA29 
13: 00007FF6460FE336 
13: 00007FF646299676 
14: 00007FF645C3124E 
14: 00007FF6461D3FD7 
15: 00007FF645C34B0C 
15: 00007FF646189021 
16: 00007FF645C2F905 
16: 00007FF6461D3BE4 
17: 00007FF64581105E 
17: 00007FF6461D4356 
18: 00007FF5E5D5AAFA 
18: 00007FF6461D4062 
19: 00007FF64618A4E4 

<--- Last few GCs --->


<--- JS stacktrace --->

FATAL ERROR: Committing semi space failed. Allocation failed - JavaScript heap out of memory

<--- Last few GCs --->



<--- JS stacktrace --->
#

# Fatal process OOM in Re-embedded builtins: set permissions
FATAL ERROR: Committing semi space failed. Allocation failed - JavaScript heap out of memory
#

 1: 00007FF6452F433F 
 2: 00007FF64526EC26 
 3: 00007FF645270A11 
 4: 00007FF645CDA7E1 
 5: 00007FF645CC3F78 
 6: 00007FF645B257E0 
 7: 00007FF645ADD5E3 
 8: 00007FF645B2EEA0 
 9: 00007FF645B22500 
10: 00007FF645B37B7A 
11: 00007FF645B383F7 
12: 00007FF645B4102E 
13: 00007FF645B519A6 
14: 00007FF645B57AB0 
15: 00007FF645CD67D0 
16: 00007FF6452901AA 
17: 00007FF64528FF67 
18: 00007FF64528DF91 
19: 00007FF645C90BBE 
20: 00007FF645C907BA 
21: 00007FF645C90A7F 
22: 00007FF645C908F0 
23: 00007FF645D8B28E 
24: 00007FF5E5EC3266 
 1: 00007FF6452F433F node::SetCppgcReference+15695
 2: 00007FF64526EC26 EVP_MD_meth_get_input_blocksize+78566
 3: 00007FF645270A11 EVP_MD_meth_get_input_blocksize+86225
 4: 00007FF645CDA7E1 v8::Isolate::ReportExternalAllocationLimitReached+65
 5: 00007FF645CC3F78 v8::Function::Experimental_IsNopFunction+1336
 6: 00007FF645B257E0 v8::Platform::SystemClockTimeMillis+659552
 7: 00007FF645ADD5E3 v8::Platform::SystemClockTimeMillis+364131
 8: 00007FF645B2EEA0 v8::Platform::SystemClockTimeMillis+698144
 9: 00007FF645B22500 v8::Platform::SystemClockTimeMillis+646528
10: 00007FF645B37B7A v8::Platform::SystemClockTimeMillis+734202
11: 00007FF645B383F7 v8::Platform::SystemClockTimeMillis+736375
12: 00007FF645B4102E v8::Platform::SystemClockTimeMillis+772270
13: 00007FF645B519A6 v8::Platform::SystemClockTimeMillis+840230
14: 00007FF645B57AB0 v8::Platform::SystemClockTimeMillis+865072
15: 00007FF645CD67D0 v8::String::NewFromOneByte+160
16: 00007FF6452901AA node::OnFatalError+128906
17: 00007FF64528FF67 node::OnFatalError+128327
18: 00007FF64528DF91 node::OnFatalError+120177
19: 00007FF645C90BBE v8::SharedValueConveyor::SharedValueConveyor+416270
20: 00007FF645C907BA v8::SharedValueConveyor::SharedValueConveyor+415242
21: 00007FF645C90A7F v8::SharedValueConveyor::SharedValueConveyor+415951
22: 00007FF645C908F0 v8::SharedValueConveyor::SharedValueConveyor+415552
23: 00007FF645D8B28E v8::PropertyDescriptor::writable+674286
24: 000001F23A543266 


#
# Fatal error in , line 0
# Fatal process out of memory: Zone
#
#
#
#FailureMessage Object: 0000001AA1BF5D20
 1: 00007FF6452F433F 
 2: 00007FF6451F61DF 
 3: 00007FF6460C2282 
 4: 00007FF645CC3D83 
 5: 00007FF6457A6654 
 6: 00007FF6461DF10E 
 7: 00007FF6461D8DE9 
 8: 00007FF64618146F 
 9: 00007FF64618D941 
10: 00007FF646187DCF 
11: 00007FF646182D5A 
12: 00007FF645C32441 
13: 00007FF645BFF361 
14: 00007FF6451F8C3D 
15: 00007FF645346CCD 
16: 00007FF6464E4590 
17: 00007FF87B747374 
18: 00007FF87BB5CC91 

<--- Last few GCs --->

[30340:000001FA79F19FF0]     1118 ms: Scavenge 4.6 (6.0) -> 4.5 (6.8) MB, 1.98 / 0.00 ms  (average mu = 1.000, current mu = 1.000) allocation failure; 
[30340:000001FA79F19FF0]     1125 ms: Scavenge 6.2 (7.6) -> 5.2 (9.0) MB, 1.47 / 0.00 ms  (average mu = 1.000, current mu = 1.000) allocation failure; 
[30340:000001FA79F19FF0]     1942 ms: Scavenge 7.5 (9.6) -> 6.5 (10.1) MB, 2.07 / 0.00 ms  (average mu = 1.000, current mu = 1.000) allocation failure; 


<--- JS stacktrace --->

FATAL ERROR: NewSpace::EnsureCurrentCapacity Allocation failed - JavaScript heap out of memory
 1: 00007FF6452F433F 
 2: 00007FF64526EC26 
 3: 00007FF645270A11 
 4: 00007FF645CDA7E1 
 5: 00007FF645CC3F78 
 6: 00007FF645B257E0 
 7: 00007FF645AFECE0 
 8: 00007FF645B2C42A 
 9: 00007FF645B2EEEC 
10: 00007FF645B22500 
11: 00007FF645B37B7A 
12: 00007FF645B383F7 
13: 00007FF645B4102E 
14: 00007FF645B51EB4 
15: 00007FF645B561B9 
16: 00007FF6458D0661 
17: 00007FF645B5161B 
18: 00007FF645CAF882 
19: 00007FF64589AB34 
20: 00007FF6458AEACF 
21: 00007FF645894262 
22: 00007FF645C307EB 
23: 00007FF645C35E1B 
24: 00007FF645CBDE45 
25: 00007FF645CBD8D4 
26: 00007FF64527BDEF 
27: 00007FF645C90BBE 
28: 00007FF645C907BA 
29: 00007FF645C90A7F 
30: 00007FF645C908F0 
31: 00007FF645D8B28E 
32: 00007FF5C5EF2D67 
